{"total": {"lines":{"total":12831,"covered":4704,"skipped":0,"pct":36.66},"statements":{"total":12831,"covered":4704,"skipped":0,"pct":36.66},"functions":{"total":340,"covered":123,"skipped":0,"pct":36.17},"branches":{"total":1154,"covered":472,"skipped":0,"pct":40.9},"branchesTrue":{"total":0,"covered":0,"skipped":0,"pct":"Unknown"}}
,"/Users/aliyildirim/DeepSynaps-Protocol-Studio/apps/web/src/pages-clinical.js": {"lines":{"total":12831,"covered":4704,"skipped":0,"pct":36.66},"functions":{"total":340,"covered":123,"skipped":0,"pct":36.17},"statements":{"total":12831,"covered":4704,"skipped":0,"pct":36.66},"branches":{"total":1154,"covered":472,"skipped":0,"pct":40.9}}
}
