{"total": {"lines":{"total":14230,"covered":555,"skipped":0,"pct":3.9},"statements":{"total":14230,"covered":555,"skipped":0,"pct":3.9},"functions":{"total":72,"covered":12,"skipped":0,"pct":16.66},"branches":{"total":124,"covered":37,"skipped":0,"pct":29.83},"branchesTrue":{"total":0,"covered":0,"skipped":0,"pct":"Unknown"}}
,"/Users/aliyildirim/DeepSynaps-Protocol-Studio/apps/web/src/pages-clinical-hubs.js": {"lines":{"total":14230,"covered":555,"skipped":0,"pct":3.9},"functions":{"total":72,"covered":12,"skipped":0,"pct":16.66},"statements":{"total":14230,"covered":555,"skipped":0,"pct":3.9},"branches":{"total":124,"covered":37,"skipped":0,"pct":29.83}}
}
