{"total": {"lines":{"total":813,"covered":752,"skipped":0,"pct":92.49},"statements":{"total":813,"covered":752,"skipped":0,"pct":92.49},"functions":{"total":23,"covered":23,"skipped":0,"pct":100},"branches":{"total":103,"covered":58,"skipped":0,"pct":56.31},"branchesTrue":{"total":0,"covered":0,"skipped":0,"pct":"Unknown"}}
,"/Users/aliyildirim/DeepSynaps-Protocol-Studio/apps/web/src/auth.js": {"lines":{"total":813,"covered":752,"skipped":0,"pct":92.49},"functions":{"total":23,"covered":23,"skipped":0,"pct":100},"statements":{"total":813,"covered":752,"skipped":0,"pct":92.49},"branches":{"total":103,"covered":58,"skipped":0,"pct":56.31}}
}
