{"total": {"lines":{"total":524,"covered":522,"skipped":0,"pct":99.61},"statements":{"total":524,"covered":522,"skipped":0,"pct":99.61},"functions":{"total":28,"covered":28,"skipped":0,"pct":100},"branches":{"total":167,"covered":146,"skipped":0,"pct":87.42},"branchesTrue":{"total":0,"covered":0,"skipped":0,"pct":"Unknown"}}
,"/Users/aliyildirim/DeepSynaps-Protocol-Studio/apps/web/src/pages-research.js": {"lines":{"total":524,"covered":522,"skipped":0,"pct":99.61},"functions":{"total":28,"covered":28,"skipped":0,"pct":100},"statements":{"total":524,"covered":522,"skipped":0,"pct":99.61},"branches":{"total":167,"covered":146,"skipped":0,"pct":87.42}}
}
