{"total": {"lines":{"total":14252,"covered":8125,"skipped":0,"pct":57},"statements":{"total":14252,"covered":8125,"skipped":0,"pct":57},"functions":{"total":533,"covered":220,"skipped":0,"pct":41.27},"branches":{"total":2051,"covered":1168,"skipped":0,"pct":56.94},"branchesTrue":{"total":0,"covered":0,"skipped":0,"pct":"Unknown"}}
,"/Users/aliyildirim/DeepSynaps-Protocol-Studio/apps/web/src/pages-courses.js": {"lines":{"total":14252,"covered":8125,"skipped":0,"pct":57},"functions":{"total":533,"covered":220,"skipped":0,"pct":41.27},"statements":{"total":14252,"covered":8125,"skipped":0,"pct":57},"branches":{"total":2051,"covered":1168,"skipped":0,"pct":56.94}}
}
