{"total": {"lines":{"total":3406,"covered":2262,"skipped":0,"pct":66.41},"statements":{"total":3406,"covered":2262,"skipped":0,"pct":66.41},"functions":{"total":79,"covered":45,"skipped":0,"pct":56.96},"branches":{"total":751,"covered":257,"skipped":0,"pct":34.22},"branchesTrue":{"total":0,"covered":0,"skipped":0,"pct":"Unknown"}}
,"/Users/aliyildirim/DeepSynaps-Protocol-Studio/apps/web/src/pages-research-evidence.js": {"lines":{"total":3406,"covered":2262,"skipped":0,"pct":66.41},"functions":{"total":79,"covered":45,"skipped":0,"pct":56.96},"statements":{"total":3406,"covered":2262,"skipped":0,"pct":66.41},"branches":{"total":751,"covered":257,"skipped":0,"pct":34.22}}
}
