{"total": {"lines":{"total":14230,"covered":775,"skipped":0,"pct":5.44},"statements":{"total":14230,"covered":775,"skipped":0,"pct":5.44},"functions":{"total":69,"covered":16,"skipped":0,"pct":23.18},"branches":{"total":136,"covered":73,"skipped":0,"pct":53.67},"branchesTrue":{"total":0,"covered":0,"skipped":0,"pct":"Unknown"}}
,"/Users/aliyildirim/DeepSynaps-Protocol-Studio/apps/web/src/pages-clinical-hubs.js": {"lines":{"total":14230,"covered":775,"skipped":0,"pct":5.44},"functions":{"total":69,"covered":16,"skipped":0,"pct":23.18},"statements":{"total":14230,"covered":775,"skipped":0,"pct":5.44},"branches":{"total":136,"covered":73,"skipped":0,"pct":53.67}}
}
