{"total": {"lines":{"total":14856,"covered":6751,"skipped":0,"pct":45.44},"statements":{"total":14856,"covered":6751,"skipped":0,"pct":45.44},"functions":{"total":433,"covered":171,"skipped":0,"pct":39.49},"branches":{"total":1354,"covered":617,"skipped":0,"pct":45.56},"branchesTrue":{"total":0,"covered":0,"skipped":0,"pct":"Unknown"}}
,"/Users/aliyildirim/DeepSynaps-Protocol-Studio/apps/web/src/pages-patient.js": {"lines":{"total":14856,"covered":6751,"skipped":0,"pct":45.44},"functions":{"total":433,"covered":171,"skipped":0,"pct":39.49},"statements":{"total":14856,"covered":6751,"skipped":0,"pct":45.44},"branches":{"total":1354,"covered":617,"skipped":0,"pct":45.56}}
}
