{"total": {"lines":{"total":14252,"covered":1801,"skipped":0,"pct":12.63},"statements":{"total":14252,"covered":1801,"skipped":0,"pct":12.63},"functions":{"total":261,"covered":12,"skipped":0,"pct":4.59},"branches":{"total":123,"covered":42,"skipped":0,"pct":34.14},"branchesTrue":{"total":0,"covered":0,"skipped":0,"pct":"Unknown"}}
,"/Users/aliyildirim/DeepSynaps-Protocol-Studio/apps/web/src/pages-courses.js": {"lines":{"total":14252,"covered":1801,"skipped":0,"pct":12.63},"functions":{"total":261,"covered":12,"skipped":0,"pct":4.59},"statements":{"total":14252,"covered":1801,"skipped":0,"pct":12.63},"branches":{"total":123,"covered":42,"skipped":0,"pct":34.14}}
}
