{"total": {"lines":{"total":14642,"covered":6407,"skipped":0,"pct":43.75},"statements":{"total":14642,"covered":6407,"skipped":0,"pct":43.75},"functions":{"total":427,"covered":209,"skipped":0,"pct":48.94},"branches":{"total":1499,"covered":939,"skipped":0,"pct":62.64},"branchesTrue":{"total":0,"covered":0,"skipped":0,"pct":"Unknown"}}
,"/Users/aliyildirim/DeepSynaps-Protocol-Studio/apps/web/src/pages-knowledge.js": {"lines":{"total":14642,"covered":6407,"skipped":0,"pct":43.75},"functions":{"total":427,"covered":209,"skipped":0,"pct":48.94},"statements":{"total":14642,"covered":6407,"skipped":0,"pct":43.75},"branches":{"total":1499,"covered":939,"skipped":0,"pct":62.64}}
}
