{"total": {"lines":{"total":1961,"covered":1636,"skipped":0,"pct":83.42},"statements":{"total":1961,"covered":1636,"skipped":0,"pct":83.42},"functions":{"total":63,"covered":59,"skipped":0,"pct":93.65},"branches":{"total":500,"covered":316,"skipped":0,"pct":63.2},"branchesTrue":{"total":0,"covered":0,"skipped":0,"pct":"Unknown"}}
,"/Users/aliyildirim/DeepSynaps-Protocol-Studio/apps/web/src/qeeg-upload-workflow.js": {"lines":{"total":1961,"covered":1636,"skipped":0,"pct":83.42},"functions":{"total":63,"covered":59,"skipped":0,"pct":93.65},"statements":{"total":1961,"covered":1636,"skipped":0,"pct":83.42},"branches":{"total":500,"covered":316,"skipped":0,"pct":63.2}}
}
