{"total": {"lines":{"total":7672,"covered":4653,"skipped":0,"pct":60.64},"statements":{"total":7672,"covered":4653,"skipped":0,"pct":60.64},"functions":{"total":177,"covered":115,"skipped":0,"pct":64.97},"branches":{"total":1379,"covered":841,"skipped":0,"pct":60.98},"branchesTrue":{"total":0,"covered":0,"skipped":0,"pct":"Unknown"}}
,"/Users/aliyildirim/DeepSynaps-Protocol-Studio/apps/web/src/pages-qeeg-analysis.js": {"lines":{"total":7672,"covered":4653,"skipped":0,"pct":60.64},"functions":{"total":177,"covered":115,"skipped":0,"pct":64.97},"statements":{"total":7672,"covered":4653,"skipped":0,"pct":60.64},"branches":{"total":1379,"covered":841,"skipped":0,"pct":60.98}}
}
