{"total": {"lines":{"total":524,"covered":170,"skipped":0,"pct":32.44},"statements":{"total":524,"covered":170,"skipped":0,"pct":32.44},"functions":{"total":24,"covered":8,"skipped":0,"pct":33.33},"branches":{"total":40,"covered":30,"skipped":0,"pct":75},"branchesTrue":{"total":0,"covered":0,"skipped":0,"pct":"Unknown"}}
,"/Users/aliyildirim/DeepSynaps-Protocol-Studio/apps/web/src/pages-research.js": {"lines":{"total":524,"covered":170,"skipped":0,"pct":32.44},"functions":{"total":24,"covered":8,"skipped":0,"pct":33.33},"statements":{"total":524,"covered":170,"skipped":0,"pct":32.44},"branches":{"total":40,"covered":30,"skipped":0,"pct":75}}
}
