{"total": {"lines":{"total":14252,"covered":8300,"skipped":0,"pct":58.23},"statements":{"total":14252,"covered":8300,"skipped":0,"pct":58.23},"functions":{"total":533,"covered":235,"skipped":0,"pct":44.09},"branches":{"total":2198,"covered":1249,"skipped":0,"pct":56.82},"branchesTrue":{"total":0,"covered":0,"skipped":0,"pct":"Unknown"}}
,"/Users/aliyildirim/DeepSynaps-Protocol-Studio/apps/web/src/pages-courses.js": {"lines":{"total":14252,"covered":8300,"skipped":0,"pct":58.23},"functions":{"total":533,"covered":235,"skipped":0,"pct":44.09},"statements":{"total":14252,"covered":8300,"skipped":0,"pct":58.23},"branches":{"total":2198,"covered":1249,"skipped":0,"pct":56.82}}
}
