{"total": {"lines":{"total":3406,"covered":2837,"skipped":0,"pct":83.29},"statements":{"total":3406,"covered":2837,"skipped":0,"pct":83.29},"functions":{"total":79,"covered":61,"skipped":0,"pct":77.21},"branches":{"total":1003,"covered":461,"skipped":0,"pct":45.96},"branchesTrue":{"total":0,"covered":0,"skipped":0,"pct":"Unknown"}}
,"/Users/aliyildirim/DeepSynaps-Protocol-Studio/apps/web/src/pages-research-evidence.js": {"lines":{"total":3406,"covered":2837,"skipped":0,"pct":83.29},"functions":{"total":79,"covered":61,"skipped":0,"pct":77.21},"statements":{"total":3406,"covered":2837,"skipped":0,"pct":83.29},"branches":{"total":1003,"covered":461,"skipped":0,"pct":45.96}}
}
