{"total": {"lines":{"total":12837,"covered":6122,"skipped":0,"pct":47.69},"statements":{"total":12837,"covered":6122,"skipped":0,"pct":47.69},"functions":{"total":407,"covered":168,"skipped":0,"pct":41.27},"branches":{"total":1517,"covered":629,"skipped":0,"pct":41.46},"branchesTrue":{"total":0,"covered":0,"skipped":0,"pct":"Unknown"}}
,"/Users/aliyildirim/DeepSynaps-Protocol-Studio/apps/web/src/pages-clinical.js": {"lines":{"total":12837,"covered":6122,"skipped":0,"pct":47.69},"functions":{"total":407,"covered":168,"skipped":0,"pct":41.27},"statements":{"total":12837,"covered":6122,"skipped":0,"pct":47.69},"branches":{"total":1517,"covered":629,"skipped":0,"pct":41.46}}
}
