{"total": {"lines":{"total":14642,"covered":5543,"skipped":0,"pct":37.85},"statements":{"total":14642,"covered":5543,"skipped":0,"pct":37.85},"functions":{"total":423,"covered":185,"skipped":0,"pct":43.73},"branches":{"total":1125,"covered":770,"skipped":0,"pct":68.44},"branchesTrue":{"total":0,"covered":0,"skipped":0,"pct":"Unknown"}}
,"/Users/aliyildirim/DeepSynaps-Protocol-Studio/apps/web/src/pages-knowledge.js": {"lines":{"total":14642,"covered":5543,"skipped":0,"pct":37.85},"functions":{"total":423,"covered":185,"skipped":0,"pct":43.73},"statements":{"total":14642,"covered":5543,"skipped":0,"pct":37.85},"branches":{"total":1125,"covered":770,"skipped":0,"pct":68.44}}
}
